<?xml version="1.0" encoding="UTF-8"?>
<testsuite xmlns:xsi="http://www.w3.org/2001/XMLSchema-instance" xsi:noNamespaceSchemaLocation="https://maven.apache.org/surefire/maven-surefire-plugin/xsd/surefire-test-report-3.0.xsd" version="3.0" name="com.example.FactorialTest" time="0.152" tests="3" errors="0" skipped="0" failures="0">
  <properties>
[...]
</properties>
  <testcase name="testFactorialDeCinco" classname="com.example.FactorialTest" time="0.091"/>
  <testcase name="testFactorialDeCero" classname="com.example.FactorialTest" time="0.004"/>
  <testcase name="testFactorialNegativo" classname="com.example.FactorialTest" time="0.017"/>
</testsuite>